Start testing: Jul 06 14:02 CEST
----------------------------------------------------------
1/11 Testing: testHepMC.sh
1/11 Test: testHepMC.sh
Command: "/scratch/blixen/plumberg/Pythia_and_HBT/src/HepMC/build/test/testHepMC.sh"
Directory: /scratch/blixen/plumberg/Pythia_and_HBT/src/HepMC/build/test
"testHepMC.sh" start time: Jul 06 14:02 CEST
Output:
----------------------------------------------------------
testHepMC: the HeavyIon and PdfInfo input stream errors are intentional
PdfInfo input stream invalid line type: F1
HeavyIon input stream invalid line type: HepMC::IO_GenEvent-END_EVENT_LISTING
Files testHepMCParticle.out and /scratch/blixen/plumberg/Pythia_and_HBT/src/HepMC/HepMC-2.06.09/test/testHepMCParticle.output differ
<end of output>
Test time =   1.21 sec
----------------------------------------------------------
Test Failed.
"testHepMC.sh" end time: Jul 06 14:02 CEST
"testHepMC.sh" time elapsed: 00:00:01
----------------------------------------------------------

2/11 Testing: testStreamIO.sh
2/11 Test: testStreamIO.sh
Command: "/scratch/blixen/plumberg/Pythia_and_HBT/src/HepMC/build/test/testStreamIO.sh"
Directory: /scratch/blixen/plumberg/Pythia_and_HBT/src/HepMC/build/test
"testStreamIO.sh" start time: Jul 06 14:02 CEST
Output:
----------------------------------------------------------
PdfInfo input stream invalid line type: F1
HeavyIon input stream invalid line type: HepMC::IO_GenEvent-END_EVENT_LISTING
testSteamIO: the HeavyIon and PdfInfo input stream errors are intentional
Files testStreamIOParticle.out and /scratch/blixen/plumberg/Pythia_and_HBT/src/HepMC/HepMC-2.06.09/test/testHepMCParticle.output differ
<end of output>
Test time =   1.18 sec
----------------------------------------------------------
Test Failed.
"testStreamIO.sh" end time: Jul 06 14:02 CEST
"testStreamIO.sh" time elapsed: 00:00:01
----------------------------------------------------------

3/11 Testing: testHepMCIteration.sh
3/11 Test: testHepMCIteration.sh
Command: "/scratch/blixen/plumberg/Pythia_and_HBT/src/HepMC/build/test/testHepMCIteration.sh"
Directory: /scratch/blixen/plumberg/Pythia_and_HBT/src/HepMC/build/test
"testHepMCIteration.sh" start time: Jul 06 14:02 CEST
Output:
----------------------------------------------------------
<end of output>
Test time =   0.38 sec
----------------------------------------------------------
Test Passed.
"testHepMCIteration.sh" end time: Jul 06 14:02 CEST
"testHepMCIteration.sh" time elapsed: 00:00:00
----------------------------------------------------------

4/11 Testing: testMass.sh
4/11 Test: testMass.sh
Command: "/scratch/blixen/plumberg/Pythia_and_HBT/src/HepMC/build/test/testMass.sh"
Directory: /scratch/blixen/plumberg/Pythia_and_HBT/src/HepMC/build/test
"testMass.sh" start time: Jul 06 14:02 CEST
Output:
----------------------------------------------------------
<end of output>
Test time =   0.31 sec
----------------------------------------------------------
Test Passed.
"testMass.sh" end time: Jul 06 14:02 CEST
"testMass.sh" time elapsed: 00:00:00
----------------------------------------------------------

5/11 Testing: testFlow.sh
5/11 Test: testFlow.sh
Command: "/scratch/blixen/plumberg/Pythia_and_HBT/src/HepMC/build/test/testFlow.sh"
Directory: /scratch/blixen/plumberg/Pythia_and_HBT/src/HepMC/build/test
"testFlow.sh" start time: Jul 06 14:02 CEST
Output:
----------------------------------------------------------
<end of output>
Test time =   0.10 sec
----------------------------------------------------------
Test Passed.
"testFlow.sh" end time: Jul 06 14:02 CEST
"testFlow.sh" time elapsed: 00:00:00
----------------------------------------------------------

6/11 Testing: testPrintBug.sh
6/11 Test: testPrintBug.sh
Command: "/scratch/blixen/plumberg/Pythia_and_HBT/src/HepMC/build/test/testPrintBug.sh"
Directory: /scratch/blixen/plumberg/Pythia_and_HBT/src/HepMC/build/test
"testPrintBug.sh" start time: Jul 06 14:02 CEST
Output:
----------------------------------------------------------
<end of output>
Test time =   0.07 sec
----------------------------------------------------------
Test Passed.
"testPrintBug.sh" end time: Jul 06 14:02 CEST
"testPrintBug.sh" time elapsed: 00:00:00
----------------------------------------------------------

7/11 Testing: testPolarization.sh
7/11 Test: testPolarization.sh
Command: "/scratch/blixen/plumberg/Pythia_and_HBT/src/HepMC/build/test/testPolarization.sh"
Directory: /scratch/blixen/plumberg/Pythia_and_HBT/src/HepMC/build/test
"testPolarization.sh" start time: Jul 06 14:02 CEST
Output:
----------------------------------------------------------
<end of output>
Test time =   0.10 sec
----------------------------------------------------------
Test Passed.
"testPolarization.sh" end time: Jul 06 14:02 CEST
"testPolarization.sh" time elapsed: 00:00:00
----------------------------------------------------------

8/11 Testing: testSimpleVector
8/11 Test: testSimpleVector
Command: "/scratch/blixen/plumberg/Pythia_and_HBT/src/HepMC/build/test/testSimpleVector"
Directory: /scratch/blixen/plumberg/Pythia_and_HBT/src/HepMC/build/test
"testSimpleVector" start time: Jul 06 14:02 CEST
Output:
----------------------------------------------------------
<end of output>
Test time =   0.02 sec
----------------------------------------------------------
Test Passed.
"testSimpleVector" end time: Jul 06 14:02 CEST
"testSimpleVector" time elapsed: 00:00:00
----------------------------------------------------------

9/11 Testing: testUnits
9/11 Test: testUnits
Command: "/scratch/blixen/plumberg/Pythia_and_HBT/src/HepMC/build/test/testUnits"
Directory: /scratch/blixen/plumberg/Pythia_and_HBT/src/HepMC/build/test
"testUnits" start time: Jul 06 14:02 CEST
Output:
----------------------------------------------------------
Default units: GEV MM
<end of output>
Test time =   0.02 sec
----------------------------------------------------------
Test Passed.
"testUnits" end time: Jul 06 14:02 CEST
"testUnits" time elapsed: 00:00:00
----------------------------------------------------------

10/11 Testing: testMultipleCopies
10/11 Test: testMultipleCopies
Command: "/scratch/blixen/plumberg/Pythia_and_HBT/src/HepMC/build/test/testMultipleCopies"
Directory: /scratch/blixen/plumberg/Pythia_and_HBT/src/HepMC/build/test
"testMultipleCopies" start time: Jul 06 14:02 CEST
Output:
----------------------------------------------------------
<end of output>
Test time =   0.13 sec
----------------------------------------------------------
Test Passed.
"testMultipleCopies" end time: Jul 06 14:02 CEST
"testMultipleCopies" time elapsed: 00:00:00
----------------------------------------------------------

11/11 Testing: testWeights
11/11 Test: testWeights
Command: "/scratch/blixen/plumberg/Pythia_and_HBT/src/HepMC/build/test/testWeights"
Directory: /scratch/blixen/plumberg/Pythia_and_HBT/src/HepMC/build/test
"testWeights" start time: Jul 06 14:02 CEST
Output:
----------------------------------------------------------
const WeightContainer::operator[] ERROR: string bad not found in  WeightContainer
HepMC testWeights: the above error is intentional
Weight    0 with name          0 is 0
Weight    1 with name          1 is 1.14
Weight    2 with name          2 is 2.28
Weight    3 with name          3 is 3.42
Weight    4 with name          4 is 4.56
Weight    5 with name          5 is 5.7
Weight    6 with name          6 is 6.84
Weight    7 with name          7 is 7.98
Weight    8 with name          8 is 9.12
Weight    9 with name          9 is 10.26
Weight   10 with name         10 is 11.4
Weight   11 with name         11 is 12.54
Weight   12 with name         12 is 13.68
Weight   13 with name         13 is 14.82
Weight   14 with name        tau is 3.1
Weight   15 with name     my_pdf is 11.3445
<end of output>
Test time =   0.00 sec
----------------------------------------------------------
Test Passed.
"testWeights" end time: Jul 06 14:02 CEST
"testWeights" time elapsed: 00:00:00
----------------------------------------------------------

End testing: Jul 06 14:02 CEST
